1978: NYY - 0 modifications
1979: PIT - 0 modifications
1980: PHI - 0 modifications
1981: WSN - 2 modifications
1982: MIL - 1 modifications
1983: BAL - 0 modifications
1984: DET - 0 modifications
1985: KCR - 0 modifications
1986: NYM - 0 modifications
1987: SFG - 2 modifications
1988: LAD - 0 modifications
1990: OAK - 0 modifications
1991: CIN - 0 modifications
1992: MIN - 0 modifications
1993: TOR - 0 modifications
1994: CHW - 2 modifications
1995: CLE - 1 modifications
1996: TEX - 3 modifications
1997: MIA - 0 modifications
1998: SDP - 1 modifications
1999: ATL - 1 modifications
2000: SEA - 2 modifications
2001: ARI - 0 modifications
2002: LAA - 0 modifications
2003: CHC - 2 modifications
2004: BOS - 0 modifications
2005: HOU - 1 modifications
2006: STL - 0 modifications
2007: COL - 1 modifications
2008: TBR - 1 modifications
Total mod count is 20
